This file contains any messages produced by compilers while
running configure, to aid debugging if configure makes a mistake.

It was created by gettext-examples configure 0.19.8.1, which was
generated by GNU Autoconf 2.69.  Invocation command line was

  $ ./configure --disable-option-checking --prefix=/home/hardik/Project/TFA9879/buildroot-2018.02.3/output/host --sysconfdir=/home/hardik/Project/TFA9879/buildroot-2018.02.3/output/host/etc --localstatedir=/home/hardik/Project/TFA9879/buildroot-2018.02.3/output/host/var --enable-shared --disable-static --disable-gtk-doc --disable-gtk-doc-html --disable-doc --disable-docs --disable-documentation --disable-debug --with-xmlto=no --with-fop=no --disable-dependency-tracking --disable-libasprintf --disable-acl --disable-openmp --disable-rpath --disable-java --disable-native-java --disable-csharp --disable-relocatable --without-emacs CC=/usr/bin/gcc CFLAGS=-O2 -I/home/hardik/Project/TFA9879/buildroot-2018.02.3/output/host/include LDFLAGS=-L/home/hardik/Project/TFA9879/buildroot-2018.02.3/output/host/lib -Wl,-rpath,/home/hardik/Project/TFA9879/buildroot-2018.02.3/output/host/lib CPPFLAGS=-I/home/hardik/Project/TFA9879/buildroot-2018.02.3/output/host/include CPP=/usr/bin/cpp CXX=/usr/bin/g++ CXXFLAGS=-O2 -I/home/hardik/Project/TFA9879/buildroot-2018.02.3/output/host/include --cache-file=/dev/null --srcdir=.

## --------- ##
## Platform. ##
## --------- ##

hostname = ubuntu14
uname -m = x86_64
uname -r = 4.4.0-109-generic
uname -s = Linux
uname -v = #132~14.04.1-Ubuntu SMP Tue Jan 9 21:46:42 UTC 2018

/usr/bin/uname -p = unknown
/bin/uname -X     = unknown

/bin/arch              = unknown
/usr/bin/arch -k       = unknown
/usr/convex/getsysinfo = unknown
/usr/bin/hostinfo      = unknown
/bin/machine           = unknown
/usr/bin/oslevel       = unknown
/bin/universe          = unknown

PATH: /home/hardik/Project/TFA9879/buildroot-2018.02.3/output/host/bin
PATH: /home/hardik/Project/TFA9879/buildroot-2018.02.3/output/host/sbin
PATH: /usr/local/sbin
PATH: /usr/local/bin
PATH: /usr/sbin
PATH: /usr/bin
PATH: /sbin
PATH: /bin
PATH: /usr/games
PATH: /usr/local/games
PATH: /home/hardik/Project/imx6/sources/poky/bitbake/bin
PATH: /home/hardik/Project/Morse_macro/Z-TURN_V12_20171030/04-Linux_Source/Toolchain/CodeSourcery/Sourcery_CodeBench_Lite_for_Xilinx_GNU_Linux/bin


## ----------- ##
## Core tests. ##
## ----------- ##

configure:1770: checking for a BSD-compatible install
configure:1838: result: /usr/bin/install -c
configure:1849: checking whether build environment is sane
configure:1904: result: yes
configure:2055: checking for a thread-safe mkdir -p
configure:2094: result: /bin/mkdir -p
configure:2101: checking for gawk
configure:2117: found /usr/bin/gawk
configure:2128: result: gawk
configure:2139: checking whether make sets $(MAKE)
configure:2161: result: yes
configure:2190: checking whether make supports nested variables
configure:2207: result: yes
configure:2336: checking for a sed that does not truncate output
configure:2400: result: /bin/sed
configure:2406: checking whether NLS is requested
configure:2415: result: yes
configure:2455: checking for msgfmt
configure: trying /usr/bin/msgfmt...
0 translated messages.
configure:2487: result: /usr/bin/msgfmt
configure:2496: checking for gmsgfmt
configure:2527: result: /usr/bin/msgfmt
configure:2577: checking for xgettext
configure: trying /usr/bin/xgettext...
/usr/bin/xgettext: warning: file '/dev/null' extension '' is unknown; will try C
configure:2609: result: /usr/bin/xgettext
configure:2654: checking for msgmerge
configure: trying /usr/bin/msgmerge...
configure:2685: result: /usr/bin/msgmerge
configure:2858: checking that generated files are newer than configure
configure:2864: result: done
configure:2872: creating ./config.status

## ---------------------- ##
## Running config.status. ##
## ---------------------- ##

This file was extended by gettext-examples config.status 0.19.8.1, which was
generated by GNU Autoconf 2.69.  Invocation command line was

  CONFIG_FILES    = 
  CONFIG_HEADERS  = 
  CONFIG_LINKS    = 
  CONFIG_COMMANDS = 
  $ ./config.status 

on ubuntu14

config.status:773: creating Makefile
config.status:773: creating installpaths
config.status:773: creating po/Makefile
config.status:945: executing po-directories commands

## ---------------- ##
## Cache variables. ##
## ---------------- ##

ac_cv_env_build_alias_set=
ac_cv_env_build_alias_value=
ac_cv_env_host_alias_set=
ac_cv_env_host_alias_value=
ac_cv_env_target_alias_set=
ac_cv_env_target_alias_value=
ac_cv_path_GMSGFMT=/usr/bin/msgfmt
ac_cv_path_MSGFMT=/usr/bin/msgfmt
ac_cv_path_MSGMERGE=/usr/bin/msgmerge
ac_cv_path_SED=/bin/sed
ac_cv_path_XGETTEXT=/usr/bin/xgettext
ac_cv_path_install='/usr/bin/install -c'
ac_cv_path_mkdir=/bin/mkdir
ac_cv_prog_AWK=gawk
ac_cv_prog_make_make_set=yes
am_cv_make_support_nested_variables=yes

## ----------------- ##
## Output variables. ##
## ----------------- ##

ACLOCAL='${SHELL} /home/hardik/Project/TFA9879/buildroot-2018.02.3/output/build/host-gettext-0.19.8.1/build-aux/missing aclocal-1.15'
AMTAR='$${TAR-tar}'
AM_BACKSLASH='\'
AM_DEFAULT_V='$(AM_DEFAULT_VERBOSITY)'
AM_DEFAULT_VERBOSITY='1'
AM_V='$(V)'
AUTOCONF='${SHELL} /home/hardik/Project/TFA9879/buildroot-2018.02.3/output/build/host-gettext-0.19.8.1/build-aux/missing autoconf'
AUTOHEADER='${SHELL} /home/hardik/Project/TFA9879/buildroot-2018.02.3/output/build/host-gettext-0.19.8.1/build-aux/missing autoheader'
AUTOMAKE='${SHELL} /home/hardik/Project/TFA9879/buildroot-2018.02.3/output/build/host-gettext-0.19.8.1/build-aux/missing automake-1.15'
AWK='gawk'
CYGPATH_W='echo'
DEFS='-DPACKAGE_NAME=\"gettext-examples\" -DPACKAGE_TARNAME=\"gettext-examples\" -DPACKAGE_VERSION=\"0.19.8.1\" -DPACKAGE_STRING=\"gettext-examples\ 0.19.8.1\" -DPACKAGE_BUGREPORT=\"bug-gnu-gettext@gnu.org\" -DPACKAGE_URL=\"\" -DPACKAGE=\"gettext-examples\" -DVERSION=\"0.19.8.1\"'
ECHO_C=''
ECHO_N='-n'
ECHO_T=''
GETTEXT_MACRO_VERSION='0.19'
GMSGFMT='/usr/bin/msgfmt'
GMSGFMT_015='/usr/bin/msgfmt'
INSTALL_DATA='${INSTALL} -m 644'
INSTALL_PROGRAM='${INSTALL}'
INSTALL_SCRIPT='${INSTALL}'
INSTALL_STRIP_PROGRAM='$(install_sh) -c -s'
LIBOBJS=''
LIBS=''
LTLIBOBJS=''
MAKEINFO='${SHELL} /home/hardik/Project/TFA9879/buildroot-2018.02.3/output/build/host-gettext-0.19.8.1/build-aux/missing makeinfo'
MKDIR_P='/bin/mkdir -p'
MSGFMT='/usr/bin/msgfmt'
MSGFMT_015='/usr/bin/msgfmt'
MSGMERGE='/usr/bin/msgmerge'
PACKAGE='gettext-examples'
PACKAGE_BUGREPORT='bug-gnu-gettext@gnu.org'
PACKAGE_NAME='gettext-examples'
PACKAGE_STRING='gettext-examples 0.19.8.1'
PACKAGE_TARNAME='gettext-examples'
PACKAGE_URL=''
PACKAGE_VERSION='0.19.8.1'
PATH_SEPARATOR=':'
SED='/bin/sed'
SET_MAKE=''
SHELL='/bin/sh'
STRIP=''
USE_NLS='yes'
VERSION='0.19.8.1'
XGETTEXT='/usr/bin/xgettext'
XGETTEXT_015='/usr/bin/xgettext'
XGETTEXT_EXTRA_OPTIONS=''
aclocaldir='${datadir}/aclocal'
am__isrc=''
am__leading_dot='.'
am__tar='$${TAR-tar} chof - "$$tardir"'
am__untar='$${TAR-tar} xf -'
bindir='${exec_prefix}/bin'
build_alias=''
datadir='${datarootdir}'
datarootdir='${prefix}/share'
docdir='${datarootdir}/doc/gettext'
dvidir='${docdir}'
exec_prefix='${prefix}'
host_alias=''
htmldir='${docdir}'
includedir='${prefix}/include'
infodir='${datarootdir}/info'
install_sh='${SHELL} /home/hardik/Project/TFA9879/buildroot-2018.02.3/output/build/host-gettext-0.19.8.1/build-aux/install-sh'
libdir='${exec_prefix}/lib'
libexecdir='${exec_prefix}/libexec'
localedir='${datarootdir}/locale'
localstatedir='/home/hardik/Project/TFA9879/buildroot-2018.02.3/output/host/var'
mandir='${datarootdir}/man'
mkdir_p='$(MKDIR_P)'
oldincludedir='/usr/include'
pdfdir='${docdir}'
prefix='/home/hardik/Project/TFA9879/buildroot-2018.02.3/output/host'
program_transform_name='s,x,x,'
psdir='${docdir}'
sbindir='${exec_prefix}/sbin'
sharedstatedir='${prefix}/com'
sysconfdir='/home/hardik/Project/TFA9879/buildroot-2018.02.3/output/host/etc'
target_alias=''

## ----------- ##
## confdefs.h. ##
## ----------- ##

/* confdefs.h */
#define PACKAGE_NAME "gettext-examples"
#define PACKAGE_TARNAME "gettext-examples"
#define PACKAGE_VERSION "0.19.8.1"
#define PACKAGE_STRING "gettext-examples 0.19.8.1"
#define PACKAGE_BUGREPORT "bug-gnu-gettext@gnu.org"
#define PACKAGE_URL ""
#define PACKAGE "gettext-examples"
#define VERSION "0.19.8.1"

configure: exit 0
