This file contains any messages produced by compilers while
running configure, to aid debugging if configure makes a mistake.

It was created by configure, which was
generated by GNU Autoconf 2.64.  Invocation command line was

  $ ./configure --prefix=/home/hardik/Project/TFA9879/buildroot-2018.02.3/output/host --sysconfdir=/home/hardik/Project/TFA9879/buildroot-2018.02.3/output/host/etc --enable-static --target=arm-buildroot-linux-uclibcgnueabihf --with-sysroot=/home/hardik/Project/TFA9879/buildroot-2018.02.3/output/host/arm-buildroot-linux-uclibcgnueabihf/sysroot --disable-__cxa_atexit --with-gnu-ld --disable-libssp --disable-multilib --with-gmp=/home/hardik/Project/TFA9879/buildroot-2018.02.3/output/host --with-mpc=/home/hardik/Project/TFA9879/buildroot-2018.02.3/output/host --with-mpfr=/home/hardik/Project/TFA9879/buildroot-2018.02.3/output/host --with-pkgversion=Buildroot 2018.02.3 --with-bugurl=http://bugs.buildroot.net/ --disable-libquadmath --disable-libsanitizer --enable-tls --disable-libmudflap --enable-threads --without-isl --without-cloog --disable-decimal-float --with-abi=aapcs-linux --with-cpu=cortex-a7 --with-fpu=neon-vfpv4 --with-float=hard --with-mode=arm --enable-languages=c --with-build-time-tools=/home/hardik/Project/TFA9879/buildroot-2018.02.3/output/host/arm-buildroot-linux-uclibcgnueabihf/bin --enable-shared --disable-libgomp

## --------- ##
## Platform. ##
## --------- ##

hostname = ubuntu14
uname -m = x86_64
uname -r = 4.4.0-109-generic
uname -s = Linux
uname -v = #132~14.04.1-Ubuntu SMP Tue Jan 9 21:46:42 UTC 2018

/usr/bin/uname -p = unknown
/bin/uname -X     = unknown

/bin/arch              = unknown
/usr/bin/arch -k       = unknown
/usr/convex/getsysinfo = unknown
/usr/bin/hostinfo      = unknown
/bin/machine           = unknown
/usr/bin/oslevel       = unknown
/bin/universe          = unknown

PATH: /home/hardik/Project/TFA9879/buildroot-2018.02.3/output/host/bin
PATH: /home/hardik/Project/TFA9879/buildroot-2018.02.3/output/host/sbin
PATH: /usr/local/sbin
PATH: /usr/local/bin
PATH: /usr/sbin
PATH: /usr/bin
PATH: /sbin
PATH: /bin
PATH: /usr/games
PATH: /usr/local/games
PATH: /home/hardik/Project/imx6/sources/poky/bitbake/bin
PATH: /home/hardik/Project/Morse_macro/Z-TURN_V12_20171030/04-Linux_Source/Toolchain/CodeSourcery/Sourcery_CodeBench_Lite_for_Xilinx_GNU_Linux/bin


## ----------- ##
## Core tests. ##
## ----------- ##

configure:2297: checking build system type
configure:2311: result: x86_64-pc-linux-gnu
configure:2358: checking host system type
configure:2371: result: x86_64-pc-linux-gnu
configure:2391: checking target system type
configure:2404: result: arm-buildroot-linux-uclibcgnueabihf
configure:2458: checking for a BSD-compatible install
configure:2526: result: /usr/bin/install -c
configure:2537: checking whether ln works
configure:2559: result: yes
configure:2563: checking whether ln -s works
configure:2567: result: yes
configure:2574: checking for a sed that does not truncate output
configure:2638: result: /bin/sed
configure:2647: checking for gawk
configure:2663: found /usr/bin/gawk
configure:2674: result: gawk
configure:3210: checking for libatomic support
configure:3220: result: yes
configure:3229: checking for libcilkrts support
configure:3235: result: no
configure:3267: checking for libitm support
configure:3277: result: yes
configure:3305: checking for libvtv support
configure:3315: result: yes
configure:3325: checking for libmpx support
configure:3331: result: no
configure:4121: checking for gcc
configure:4148: result: /usr/bin/gcc
configure:4377: checking for C compiler version
configure:4386: /usr/bin/gcc --version >&5
gcc (Ubuntu 4.8.4-2ubuntu1~14.04.4) 4.8.4
Copyright (C) 2013 Free Software Foundation, Inc.
This is free software; see the source for copying conditions.  There is NO
warranty; not even for MERCHANTABILITY or FITNESS FOR A PARTICULAR PURPOSE.

configure:4397: $? = 0
configure:4386: /usr/bin/gcc -v >&5
Using built-in specs.
COLLECT_GCC=/usr/bin/gcc
COLLECT_LTO_WRAPPER=/usr/lib/gcc/x86_64-linux-gnu/4.8/lto-wrapper
Target: x86_64-linux-gnu
Configured with: ../src/configure -v --with-pkgversion='Ubuntu 4.8.4-2ubuntu1~14.04.4' --with-bugurl=file:///usr/share/doc/gcc-4.8/README.Bugs --enable-languages=c,c++,java,go,d,fortran,objc,obj-c++ --prefix=/usr --program-suffix=-4.8 --enable-shared --enable-linker-build-id --libexecdir=/usr/lib --without-included-gettext --enable-threads=posix --with-gxx-include-dir=/usr/include/c++/4.8 --libdir=/usr/lib --enable-nls --with-sysroot=/ --enable-clocale=gnu --enable-libstdcxx-debug --enable-libstdcxx-time=yes --enable-gnu-unique-object --disable-libmudflap --enable-plugin --with-system-zlib --disable-browser-plugin --enable-java-awt=gtk --enable-gtk-cairo --with-java-home=/usr/lib/jvm/java-1.5.0-gcj-4.8-amd64/jre --enable-java-home --with-jvm-root-dir=/usr/lib/jvm/java-1.5.0-gcj-4.8-amd64 --with-jvm-jar-dir=/usr/lib/jvm-exports/java-1.5.0-gcj-4.8-amd64 --with-arch-directory=amd64 --with-ecj-jar=/usr/share/java/eclipse-ecj.jar --enable-objc-gc --enable-multiarch --disable-werror --with-arch-32=i686 --with-abi=m64 --with-multilib-list=m32,m64,mx32 --with-tune=generic --enable-checking=release --build=x86_64-linux-gnu --host=x86_64-linux-gnu --target=x86_64-linux-gnu
Thread model: posix
gcc version 4.8.4 (Ubuntu 4.8.4-2ubuntu1~14.04.4) 
configure:4397: $? = 0
configure:4386: /usr/bin/gcc -V >&5
gcc: error: unrecognized command line option '-V'
gcc: fatal error: no input files
compilation terminated.
configure:4397: $? = 4
configure:4386: /usr/bin/gcc -qversion >&5
gcc: error: unrecognized command line option '-qversion'
gcc: fatal error: no input files
compilation terminated.
configure:4397: $? = 4
configure:4417: checking for C compiler default output file name
configure:4439: /usr/bin/gcc -O2 -I/home/hardik/Project/TFA9879/buildroot-2018.02.3/output/host/include -I/home/hardik/Project/TFA9879/buildroot-2018.02.3/output/host/include -L/home/hardik/Project/TFA9879/buildroot-2018.02.3/output/host/lib -Wl,-rpath,/home/hardik/Project/TFA9879/buildroot-2018.02.3/output/host/lib conftest.c  >&5
configure:4443: $? = 0
configure:4480: result: a.out
configure:4496: checking whether the C compiler works
configure:4505: ./a.out
configure:4509: $? = 0
configure:4524: result: yes
configure:4531: checking whether we are cross compiling
configure:4533: result: no
configure:4536: checking for suffix of executables
configure:4543: /usr/bin/gcc -o conftest -O2 -I/home/hardik/Project/TFA9879/buildroot-2018.02.3/output/host/include -I/home/hardik/Project/TFA9879/buildroot-2018.02.3/output/host/include -L/home/hardik/Project/TFA9879/buildroot-2018.02.3/output/host/lib -Wl,-rpath,/home/hardik/Project/TFA9879/buildroot-2018.02.3/output/host/lib conftest.c  >&5
configure:4547: $? = 0
configure:4569: result: 
configure:4575: checking for suffix of object files
configure:4597: /usr/bin/gcc -c -O2 -I/home/hardik/Project/TFA9879/buildroot-2018.02.3/output/host/include -I/home/hardik/Project/TFA9879/buildroot-2018.02.3/output/host/include conftest.c >&5
configure:4601: $? = 0
configure:4622: result: o
configure:4626: checking whether we are using the GNU C compiler
configure:4645: /usr/bin/gcc -c -O2 -I/home/hardik/Project/TFA9879/buildroot-2018.02.3/output/host/include -I/home/hardik/Project/TFA9879/buildroot-2018.02.3/output/host/include conftest.c >&5
configure:4645: $? = 0
configure:4654: result: yes
configure:4663: checking whether /usr/bin/gcc accepts -g
configure:4683: /usr/bin/gcc -c -g -I/home/hardik/Project/TFA9879/buildroot-2018.02.3/output/host/include conftest.c >&5
configure:4683: $? = 0
configure:4724: result: yes
configure:4741: checking for /usr/bin/gcc option to accept ISO C89
configure:4805: /usr/bin/gcc  -c -O2 -I/home/hardik/Project/TFA9879/buildroot-2018.02.3/output/host/include -I/home/hardik/Project/TFA9879/buildroot-2018.02.3/output/host/include conftest.c >&5
configure:4805: $? = 0
configure:4818: result: none needed
configure:4950: checking for C++ compiler version
configure:4959: /usr/bin/g++ --version >&5
g++ (Ubuntu 4.8.4-2ubuntu1~14.04.4) 4.8.4
Copyright (C) 2013 Free Software Foundation, Inc.
This is free software; see the source for copying conditions.  There is NO
warranty; not even for MERCHANTABILITY or FITNESS FOR A PARTICULAR PURPOSE.

configure:4970: $? = 0
configure:4959: /usr/bin/g++ -v >&5
Using built-in specs.
COLLECT_GCC=/usr/bin/g++
COLLECT_LTO_WRAPPER=/usr/lib/gcc/x86_64-linux-gnu/4.8/lto-wrapper
Target: x86_64-linux-gnu
Configured with: ../src/configure -v --with-pkgversion='Ubuntu 4.8.4-2ubuntu1~14.04.4' --with-bugurl=file:///usr/share/doc/gcc-4.8/README.Bugs --enable-languages=c,c++,java,go,d,fortran,objc,obj-c++ --prefix=/usr --program-suffix=-4.8 --enable-shared --enable-linker-build-id --libexecdir=/usr/lib --without-included-gettext --enable-threads=posix --with-gxx-include-dir=/usr/include/c++/4.8 --libdir=/usr/lib --enable-nls --with-sysroot=/ --enable-clocale=gnu --enable-libstdcxx-debug --enable-libstdcxx-time=yes --enable-gnu-unique-object --disable-libmudflap --enable-plugin --with-system-zlib --disable-browser-plugin --enable-java-awt=gtk --enable-gtk-cairo --with-java-home=/usr/lib/jvm/java-1.5.0-gcj-4.8-amd64/jre --enable-java-home --with-jvm-root-dir=/usr/lib/jvm/java-1.5.0-gcj-4.8-amd64 --with-jvm-jar-dir=/usr/lib/jvm-exports/java-1.5.0-gcj-4.8-amd64 --with-arch-directory=amd64 --with-ecj-jar=/usr/share/java/eclipse-ecj.jar --enable-objc-gc --enable-multiarch --disable-werror --with-arch-32=i686 --with-abi=m64 --with-multilib-list=m32,m64,mx32 --with-tune=generic --enable-checking=release --build=x86_64-linux-gnu --host=x86_64-linux-gnu --target=x86_64-linux-gnu
Thread model: posix
gcc version 4.8.4 (Ubuntu 4.8.4-2ubuntu1~14.04.4) 
configure:4970: $? = 0
configure:4959: /usr/bin/g++ -V >&5
g++: error: unrecognized command line option '-V'
g++: fatal error: no input files
compilation terminated.
configure:4970: $? = 4
configure:4959: /usr/bin/g++ -qversion >&5
g++: error: unrecognized command line option '-qversion'
g++: fatal error: no input files
compilation terminated.
configure:4970: $? = 4
configure:4974: checking whether we are using the GNU C++ compiler
configure:4993: /usr/bin/g++ -c -O2 -I/home/hardik/Project/TFA9879/buildroot-2018.02.3/output/host/include -I/home/hardik/Project/TFA9879/buildroot-2018.02.3/output/host/include conftest.cpp >&5
configure:4993: $? = 0
configure:5002: result: yes
configure:5011: checking whether /usr/bin/g++ accepts -g
configure:5031: /usr/bin/g++ -c -g -I/home/hardik/Project/TFA9879/buildroot-2018.02.3/output/host/include conftest.cpp >&5
configure:5031: $? = 0
configure:5072: result: yes
configure:5121: checking whether g++ accepts -static-libstdc++ -static-libgcc
configure:5138: /usr/bin/g++ -o conftest -O2 -I/home/hardik/Project/TFA9879/buildroot-2018.02.3/output/host/include -I/home/hardik/Project/TFA9879/buildroot-2018.02.3/output/host/include -L/home/hardik/Project/TFA9879/buildroot-2018.02.3/output/host/lib -Wl,-rpath,/home/hardik/Project/TFA9879/buildroot-2018.02.3/output/host/lib -static-libstdc++ -static-libgcc conftest.cpp  >&5
configure:5138: $? = 0
configure:5139: result: yes
configure:5203: checking for gnatbind
configure:5233: result: no
configure:5295: checking for gnatmake
configure:5325: result: no
configure:5344: checking whether compiler driver understands Ada
configure:5367: result: no
configure:5376: checking how to compare bootstrapped objects
configure:5401: result: cmp --ignore-initial=16 $$f1 $$f2
configure:5461: checking for objdir
configure:5476: result: .libs
configure:5650: checking for the correct version of gmp.h
configure:5670: /usr/bin/gcc -c -O2 -I/home/hardik/Project/TFA9879/buildroot-2018.02.3/output/host/include -I/home/hardik/Project/TFA9879/buildroot-2018.02.3/output/host/include -I/home/hardik/Project/TFA9879/buildroot-2018.02.3/output/host/include -I/home/hardik/Project/TFA9879/buildroot-2018.02.3/output/host/include  -I/home/hardik/Project/TFA9879/buildroot-2018.02.3/output/host/include conftest.c >&5
configure:5670: $? = 0
configure:5688: /usr/bin/gcc -c -O2 -I/home/hardik/Project/TFA9879/buildroot-2018.02.3/output/host/include -I/home/hardik/Project/TFA9879/buildroot-2018.02.3/output/host/include -I/home/hardik/Project/TFA9879/buildroot-2018.02.3/output/host/include -I/home/hardik/Project/TFA9879/buildroot-2018.02.3/output/host/include  -I/home/hardik/Project/TFA9879/buildroot-2018.02.3/output/host/include conftest.c >&5
configure:5688: $? = 0
configure:5689: result: yes
configure:5705: checking for the correct version of mpfr.h
configure:5723: /usr/bin/gcc -c -O2 -I/home/hardik/Project/TFA9879/buildroot-2018.02.3/output/host/include -I/home/hardik/Project/TFA9879/buildroot-2018.02.3/output/host/include -I/home/hardik/Project/TFA9879/buildroot-2018.02.3/output/host/include -I/home/hardik/Project/TFA9879/buildroot-2018.02.3/output/host/include  -I/home/hardik/Project/TFA9879/buildroot-2018.02.3/output/host/include conftest.c >&5
configure:5723: $? = 0
configure:5740: /usr/bin/gcc -c -O2 -I/home/hardik/Project/TFA9879/buildroot-2018.02.3/output/host/include -I/home/hardik/Project/TFA9879/buildroot-2018.02.3/output/host/include -I/home/hardik/Project/TFA9879/buildroot-2018.02.3/output/host/include -I/home/hardik/Project/TFA9879/buildroot-2018.02.3/output/host/include  -I/home/hardik/Project/TFA9879/buildroot-2018.02.3/output/host/include conftest.c >&5
configure:5740: $? = 0
configure:5741: result: yes
configure:5758: checking for the correct version of mpc.h
configure:5775: /usr/bin/gcc -c -O2 -I/home/hardik/Project/TFA9879/buildroot-2018.02.3/output/host/include -I/home/hardik/Project/TFA9879/buildroot-2018.02.3/output/host/include -I/home/hardik/Project/TFA9879/buildroot-2018.02.3/output/host/include -I/home/hardik/Project/TFA9879/buildroot-2018.02.3/output/host/include  -I/home/hardik/Project/TFA9879/buildroot-2018.02.3/output/host/include conftest.c >&5
configure:5775: $? = 0
configure:5791: /usr/bin/gcc -c -O2 -I/home/hardik/Project/TFA9879/buildroot-2018.02.3/output/host/include -I/home/hardik/Project/TFA9879/buildroot-2018.02.3/output/host/include -I/home/hardik/Project/TFA9879/buildroot-2018.02.3/output/host/include -I/home/hardik/Project/TFA9879/buildroot-2018.02.3/output/host/include  -I/home/hardik/Project/TFA9879/buildroot-2018.02.3/output/host/include conftest.c >&5
configure:5791: $? = 0
configure:5792: result: yes
configure:5810: checking for the correct version of the gmp/mpfr/mpc libraries
configure:5841: /usr/bin/gcc -o conftest -O2 -I/home/hardik/Project/TFA9879/buildroot-2018.02.3/output/host/include -I/home/hardik/Project/TFA9879/buildroot-2018.02.3/output/host/include -I/home/hardik/Project/TFA9879/buildroot-2018.02.3/output/host/include -I/home/hardik/Project/TFA9879/buildroot-2018.02.3/output/host/include  -I/home/hardik/Project/TFA9879/buildroot-2018.02.3/output/host/include -L/home/hardik/Project/TFA9879/buildroot-2018.02.3/output/host/lib -Wl,-rpath,/home/hardik/Project/TFA9879/buildroot-2018.02.3/output/host/lib conftest.c  -L/home/hardik/Project/TFA9879/buildroot-2018.02.3/output/host/lib -L/home/hardik/Project/TFA9879/buildroot-2018.02.3/output/host/lib -L/home/hardik/Project/TFA9879/buildroot-2018.02.3/output/host/lib -lmpc -lmpfr -lgmp >&5
configure:5841: $? = 0
configure:5842: result: yes
configure:7079: checking for default BUILD_CONFIG
configure:7111: result: 
configure:7116: checking for --enable-vtable-verify
configure:7129: result: no
configure:7725: checking for bison
configure:7741: found /usr/bin/bison
configure:7752: result: bison -y
configure:7772: checking for bison
configure:7788: found /usr/bin/bison
configure:7799: result: bison
configure:7819: checking for gm4
configure:7849: result: no
configure:7819: checking for gnum4
configure:7849: result: no
configure:7819: checking for m4
configure:7835: found /home/hardik/Project/TFA9879/buildroot-2018.02.3/output/host/bin/m4
configure:7846: result: m4
configure:7866: checking for flex
configure:7882: found /usr/bin/flex
configure:7893: result: flex
configure:7914: checking for flex
configure:7930: found /usr/bin/flex
configure:7941: result: flex
configure:7961: checking for makeinfo
configure:7988: result: missing
configure:8022: checking for expect
configure:8052: result: no
configure:8071: checking for runtest
configure:8101: result: no
configure:8135: checking for ar
configure:8162: result: /usr/bin/ar
configure:8276: checking for as
configure:8303: result: /usr/bin/as
configure:8498: checking for dlltool
configure:8528: result: no
configure:8558: checking for ld
configure:8585: result: /usr/bin/ld
configure:8780: checking for lipo
configure:8810: result: no
configure:8840: checking for nm
configure:8867: result: /usr/bin/nm
configure:8981: checking for ranlib
configure:9008: result: /usr/bin/ranlib
configure:9198: checking for strip
configure:9214: found /usr/bin/strip
configure:9225: result: strip
configure:9334: checking for windres
configure:9364: result: no
configure:9475: checking for windmc
configure:9505: result: no
configure:9535: checking for objcopy
configure:9562: result: /usr/bin/objcopy
configure:9757: checking for objdump
configure:9773: found /usr/bin/objdump
configure:9784: result: objdump
configure:9898: checking for readelf
configure:9914: found /usr/bin/readelf
configure:9925: result: readelf
configure:10020: checking for cc in /home/hardik/Project/TFA9879/buildroot-2018.02.3/output/host/arm-buildroot-linux-uclibcgnueabihf/bin
configure:10028: result: no
configure:10020: checking for gcc in /home/hardik/Project/TFA9879/buildroot-2018.02.3/output/host/arm-buildroot-linux-uclibcgnueabihf/bin
configure:10028: result: no
configure:10039: checking for arm-buildroot-linux-uclibcgnueabihf-cc
configure:10069: result: no
configure:10039: checking for arm-buildroot-linux-uclibcgnueabihf-gcc
configure:10055: found /home/hardik/Project/TFA9879/buildroot-2018.02.3/output/host/bin/arm-buildroot-linux-uclibcgnueabihf-gcc
configure:10066: result: arm-buildroot-linux-uclibcgnueabihf-gcc
configure:10181: checking for c++ in /home/hardik/Project/TFA9879/buildroot-2018.02.3/output/host/arm-buildroot-linux-uclibcgnueabihf/bin
configure:10189: result: no
configure:10181: checking for g++ in /home/hardik/Project/TFA9879/buildroot-2018.02.3/output/host/arm-buildroot-linux-uclibcgnueabihf/bin
configure:10189: result: no
configure:10181: checking for cxx in /home/hardik/Project/TFA9879/buildroot-2018.02.3/output/host/arm-buildroot-linux-uclibcgnueabihf/bin
configure:10189: result: no
configure:10181: checking for gxx in /home/hardik/Project/TFA9879/buildroot-2018.02.3/output/host/arm-buildroot-linux-uclibcgnueabihf/bin
configure:10189: result: no
configure:10200: checking for arm-buildroot-linux-uclibcgnueabihf-c++
configure:10230: result: no
configure:10200: checking for arm-buildroot-linux-uclibcgnueabihf-g++
configure:10230: result: no
configure:10200: checking for arm-buildroot-linux-uclibcgnueabihf-cxx
configure:10230: result: no
configure:10200: checking for arm-buildroot-linux-uclibcgnueabihf-gxx
configure:10230: result: no
configure:10342: checking for gcc in /home/hardik/Project/TFA9879/buildroot-2018.02.3/output/host/arm-buildroot-linux-uclibcgnueabihf/bin
configure:10350: result: no
configure:10361: checking for arm-buildroot-linux-uclibcgnueabihf-gcc
configure:10377: found /home/hardik/Project/TFA9879/buildroot-2018.02.3/output/host/bin/arm-buildroot-linux-uclibcgnueabihf-gcc
configure:10388: result: arm-buildroot-linux-uclibcgnueabihf-gcc
configure:10498: checking for gcj in /home/hardik/Project/TFA9879/buildroot-2018.02.3/output/host/arm-buildroot-linux-uclibcgnueabihf/bin
configure:10506: result: no
configure:10517: checking for arm-buildroot-linux-uclibcgnueabihf-gcj
configure:10547: result: no
configure:10659: checking for gfortran in /home/hardik/Project/TFA9879/buildroot-2018.02.3/output/host/arm-buildroot-linux-uclibcgnueabihf/bin
configure:10667: result: no
configure:10678: checking for arm-buildroot-linux-uclibcgnueabihf-gfortran
configure:10708: result: no
configure:10820: checking for gccgo in /home/hardik/Project/TFA9879/buildroot-2018.02.3/output/host/arm-buildroot-linux-uclibcgnueabihf/bin
configure:10828: result: no
configure:10839: checking for arm-buildroot-linux-uclibcgnueabihf-gccgo
configure:10869: result: no
configure:10949: checking for ar in /home/hardik/Project/TFA9879/buildroot-2018.02.3/output/host/arm-buildroot-linux-uclibcgnueabihf/bin
configure:10954: result: /home/hardik/Project/TFA9879/buildroot-2018.02.3/output/host/arm-buildroot-linux-uclibcgnueabihf/bin/ar
configure:11179: checking for as in /home/hardik/Project/TFA9879/buildroot-2018.02.3/output/host/arm-buildroot-linux-uclibcgnueabihf/bin
configure:11184: result: /home/hardik/Project/TFA9879/buildroot-2018.02.3/output/host/arm-buildroot-linux-uclibcgnueabihf/bin/as
configure:11409: checking for dlltool in /home/hardik/Project/TFA9879/buildroot-2018.02.3/output/host/arm-buildroot-linux-uclibcgnueabihf/bin
configure:11417: result: no
configure:11429: checking for dlltool
configure:11462: result: no
configure:11521: checking for dlltool in /home/hardik/Project/TFA9879/buildroot-2018.02.3/output/host/arm-buildroot-linux-uclibcgnueabihf/bin
configure:11529: result: no
configure:11540: checking for arm-buildroot-linux-uclibcgnueabihf-dlltool
configure:11570: result: no
configure:11639: checking for ld in /home/hardik/Project/TFA9879/buildroot-2018.02.3/output/host/arm-buildroot-linux-uclibcgnueabihf/bin
configure:11644: result: /home/hardik/Project/TFA9879/buildroot-2018.02.3/output/host/arm-buildroot-linux-uclibcgnueabihf/bin/ld
configure:11869: checking for lipo in /home/hardik/Project/TFA9879/buildroot-2018.02.3/output/host/arm-buildroot-linux-uclibcgnueabihf/bin
configure:11877: result: no
configure:11889: checking for lipo
configure:11922: result: no
configure:11981: checking for lipo in /home/hardik/Project/TFA9879/buildroot-2018.02.3/output/host/arm-buildroot-linux-uclibcgnueabihf/bin
configure:11989: result: no
configure:12000: checking for arm-buildroot-linux-uclibcgnueabihf-lipo
configure:12030: result: no
configure:12099: checking for nm in /home/hardik/Project/TFA9879/buildroot-2018.02.3/output/host/arm-buildroot-linux-uclibcgnueabihf/bin
configure:12104: result: /home/hardik/Project/TFA9879/buildroot-2018.02.3/output/host/arm-buildroot-linux-uclibcgnueabihf/bin/nm
configure:12329: checking for objcopy in /home/hardik/Project/TFA9879/buildroot-2018.02.3/output/host/arm-buildroot-linux-uclibcgnueabihf/bin
configure:12334: result: /home/hardik/Project/TFA9879/buildroot-2018.02.3/output/host/arm-buildroot-linux-uclibcgnueabihf/bin/objcopy
configure:12559: checking for objdump in /home/hardik/Project/TFA9879/buildroot-2018.02.3/output/host/arm-buildroot-linux-uclibcgnueabihf/bin
configure:12564: result: /home/hardik/Project/TFA9879/buildroot-2018.02.3/output/host/arm-buildroot-linux-uclibcgnueabihf/bin/objdump
configure:12789: checking for ranlib in /home/hardik/Project/TFA9879/buildroot-2018.02.3/output/host/arm-buildroot-linux-uclibcgnueabihf/bin
configure:12794: result: /home/hardik/Project/TFA9879/buildroot-2018.02.3/output/host/arm-buildroot-linux-uclibcgnueabihf/bin/ranlib
configure:13019: checking for readelf in /home/hardik/Project/TFA9879/buildroot-2018.02.3/output/host/arm-buildroot-linux-uclibcgnueabihf/bin
configure:13024: result: /home/hardik/Project/TFA9879/buildroot-2018.02.3/output/host/arm-buildroot-linux-uclibcgnueabihf/bin/readelf
configure:13249: checking for strip in /home/hardik/Project/TFA9879/buildroot-2018.02.3/output/host/arm-buildroot-linux-uclibcgnueabihf/bin
configure:13254: result: /home/hardik/Project/TFA9879/buildroot-2018.02.3/output/host/arm-buildroot-linux-uclibcgnueabihf/bin/strip
configure:13479: checking for windres in /home/hardik/Project/TFA9879/buildroot-2018.02.3/output/host/arm-buildroot-linux-uclibcgnueabihf/bin
configure:13487: result: no
configure:13499: checking for windres
configure:13532: result: no
configure:13591: checking for windres in /home/hardik/Project/TFA9879/buildroot-2018.02.3/output/host/arm-buildroot-linux-uclibcgnueabihf/bin
configure:13599: result: no
configure:13610: checking for arm-buildroot-linux-uclibcgnueabihf-windres
configure:13640: result: no
configure:13709: checking for windmc in /home/hardik/Project/TFA9879/buildroot-2018.02.3/output/host/arm-buildroot-linux-uclibcgnueabihf/bin
configure:13717: result: no
configure:13729: checking for windmc
configure:13762: result: no
configure:13821: checking for windmc in /home/hardik/Project/TFA9879/buildroot-2018.02.3/output/host/arm-buildroot-linux-uclibcgnueabihf/bin
configure:13829: result: no
configure:13840: checking for arm-buildroot-linux-uclibcgnueabihf-windmc
configure:13870: result: no
configure:13937: checking where to find the target ar
configure:13965: result: pre-installed in /home/hardik/Project/TFA9879/buildroot-2018.02.3/output/host/arm-buildroot-linux-uclibcgnueabihf/bin
configure:13979: checking where to find the target as
configure:14007: result: pre-installed in /home/hardik/Project/TFA9879/buildroot-2018.02.3/output/host/arm-buildroot-linux-uclibcgnueabihf/bin
configure:14021: checking where to find the target cc
configure:14044: result: just compiled
configure:14063: checking where to find the target c++
configure:14103: result: pre-installed
configure:14108: checking where to find the target c++ for libstdc++
configure:14148: result: pre-installed
configure:14153: checking where to find the target dlltool
configure:14190: result: pre-installed
configure:14195: checking where to find the target gcc
configure:14218: result: just compiled
configure:14237: checking where to find the target gcj
configure:14277: result: pre-installed
configure:14282: checking where to find the target gfortran
configure:14322: result: pre-installed
configure:14327: checking where to find the target gccgo
configure:14367: result: pre-installed
configure:14372: checking where to find the target ld
configure:14400: result: pre-installed in /home/hardik/Project/TFA9879/buildroot-2018.02.3/output/host/arm-buildroot-linux-uclibcgnueabihf/bin
configure:14414: checking where to find the target lipo
configure:14440: result: pre-installed
configure:14445: checking where to find the target nm
configure:14473: result: pre-installed in /home/hardik/Project/TFA9879/buildroot-2018.02.3/output/host/arm-buildroot-linux-uclibcgnueabihf/bin
configure:14487: checking where to find the target objcopy
configure:14515: result: pre-installed in /home/hardik/Project/TFA9879/buildroot-2018.02.3/output/host/arm-buildroot-linux-uclibcgnueabihf/bin
configure:14529: checking where to find the target objdump
configure:14557: result: pre-installed in /home/hardik/Project/TFA9879/buildroot-2018.02.3/output/host/arm-buildroot-linux-uclibcgnueabihf/bin
configure:14571: checking where to find the target ranlib
configure:14599: result: pre-installed in /home/hardik/Project/TFA9879/buildroot-2018.02.3/output/host/arm-buildroot-linux-uclibcgnueabihf/bin
configure:14613: checking where to find the target readelf
configure:14641: result: pre-installed in /home/hardik/Project/TFA9879/buildroot-2018.02.3/output/host/arm-buildroot-linux-uclibcgnueabihf/bin
configure:14655: checking where to find the target strip
configure:14683: result: pre-installed in /home/hardik/Project/TFA9879/buildroot-2018.02.3/output/host/arm-buildroot-linux-uclibcgnueabihf/bin
configure:14697: checking where to find the target windres
configure:14734: result: pre-installed
configure:14739: checking where to find the target windmc
configure:14776: result: pre-installed
configure:14809: checking whether to enable maintainer-specific portions of Makefiles
configure:14818: result: no
configure:15075: creating ./config.status

## ---------------------- ##
## Running config.status. ##
## ---------------------- ##

This file was extended by config.status, which was
generated by GNU Autoconf 2.64.  Invocation command line was

  CONFIG_FILES    = 
  CONFIG_HEADERS  = 
  CONFIG_LINKS    = 
  CONFIG_COMMANDS = 
  $ ./config.status 

on ubuntu14

config.status:991: creating Makefile

## ---------------- ##
## Cache variables. ##
## ---------------- ##

ac_cv_build=x86_64-pc-linux-gnu
ac_cv_c_compiler_gnu=yes
ac_cv_cxx_compiler_gnu=yes
ac_cv_env_AR_FOR_TARGET_set=
ac_cv_env_AR_FOR_TARGET_value=
ac_cv_env_AR_set=set
ac_cv_env_AR_value=/usr/bin/ar
ac_cv_env_AS_FOR_TARGET_set=
ac_cv_env_AS_FOR_TARGET_value=
ac_cv_env_AS_set=set
ac_cv_env_AS_value=/usr/bin/as
ac_cv_env_CCC_set=
ac_cv_env_CCC_value=
ac_cv_env_CC_FOR_TARGET_set=
ac_cv_env_CC_FOR_TARGET_value=
ac_cv_env_CC_set=set
ac_cv_env_CC_value=/usr/bin/gcc
ac_cv_env_CFLAGS_set=set
ac_cv_env_CFLAGS_value='-O2 -I/home/hardik/Project/TFA9879/buildroot-2018.02.3/output/host/include'
ac_cv_env_CPPFLAGS_set=set
ac_cv_env_CPPFLAGS_value=-I/home/hardik/Project/TFA9879/buildroot-2018.02.3/output/host/include
ac_cv_env_CXXFLAGS_set=set
ac_cv_env_CXXFLAGS_value='-O2 -I/home/hardik/Project/TFA9879/buildroot-2018.02.3/output/host/include'
ac_cv_env_CXX_FOR_TARGET_set=
ac_cv_env_CXX_FOR_TARGET_value=
ac_cv_env_CXX_set=set
ac_cv_env_CXX_value=/usr/bin/g++
ac_cv_env_DLLTOOL_FOR_TARGET_set=
ac_cv_env_DLLTOOL_FOR_TARGET_value=
ac_cv_env_DLLTOOL_set=
ac_cv_env_DLLTOOL_value=
ac_cv_env_GCC_FOR_TARGET_set=
ac_cv_env_GCC_FOR_TARGET_value=
ac_cv_env_GCJ_FOR_TARGET_set=
ac_cv_env_GCJ_FOR_TARGET_value=
ac_cv_env_GFORTRAN_FOR_TARGET_set=
ac_cv_env_GFORTRAN_FOR_TARGET_value=
ac_cv_env_GOC_FOR_TARGET_set=
ac_cv_env_GOC_FOR_TARGET_value=
ac_cv_env_LDFLAGS_set=set
ac_cv_env_LDFLAGS_value='-L/home/hardik/Project/TFA9879/buildroot-2018.02.3/output/host/lib -Wl,-rpath,/home/hardik/Project/TFA9879/buildroot-2018.02.3/output/host/lib'
ac_cv_env_LD_FOR_TARGET_set=
ac_cv_env_LD_FOR_TARGET_value=
ac_cv_env_LD_set=set
ac_cv_env_LD_value=/usr/bin/ld
ac_cv_env_LIBS_set=
ac_cv_env_LIBS_value=
ac_cv_env_LIPO_FOR_TARGET_set=
ac_cv_env_LIPO_FOR_TARGET_value=
ac_cv_env_LIPO_set=
ac_cv_env_LIPO_value=
ac_cv_env_NM_FOR_TARGET_set=
ac_cv_env_NM_FOR_TARGET_value=
ac_cv_env_NM_set=set
ac_cv_env_NM_value=/usr/bin/nm
ac_cv_env_OBJCOPY_FOR_TARGET_set=
ac_cv_env_OBJCOPY_FOR_TARGET_value=
ac_cv_env_OBJCOPY_set=set
ac_cv_env_OBJCOPY_value=/usr/bin/objcopy
ac_cv_env_OBJDUMP_FOR_TARGET_set=
ac_cv_env_OBJDUMP_FOR_TARGET_value=
ac_cv_env_OBJDUMP_set=
ac_cv_env_OBJDUMP_value=
ac_cv_env_RANLIB_FOR_TARGET_set=
ac_cv_env_RANLIB_FOR_TARGET_value=
ac_cv_env_RANLIB_set=set
ac_cv_env_RANLIB_value=/usr/bin/ranlib
ac_cv_env_READELF_FOR_TARGET_set=
ac_cv_env_READELF_FOR_TARGET_value=
ac_cv_env_READELF_set=
ac_cv_env_READELF_value=
ac_cv_env_STRIP_FOR_TARGET_set=
ac_cv_env_STRIP_FOR_TARGET_value=
ac_cv_env_STRIP_set=
ac_cv_env_STRIP_value=
ac_cv_env_WINDMC_FOR_TARGET_set=
ac_cv_env_WINDMC_FOR_TARGET_value=
ac_cv_env_WINDMC_set=
ac_cv_env_WINDMC_value=
ac_cv_env_WINDRES_FOR_TARGET_set=
ac_cv_env_WINDRES_FOR_TARGET_value=
ac_cv_env_WINDRES_set=
ac_cv_env_WINDRES_value=
ac_cv_env_build_alias_set=
ac_cv_env_build_alias_value=
ac_cv_env_build_configargs_set=
ac_cv_env_build_configargs_value=
ac_cv_env_host_alias_set=
ac_cv_env_host_alias_value=
ac_cv_env_host_configargs_set=
ac_cv_env_host_configargs_value=
ac_cv_env_target_alias_set=set
ac_cv_env_target_alias_value=arm-buildroot-linux-uclibcgnueabihf
ac_cv_env_target_configargs_set=
ac_cv_env_target_configargs_value=
ac_cv_host=x86_64-pc-linux-gnu
ac_cv_objext=o
ac_cv_path_AR_FOR_TARGET=/home/hardik/Project/TFA9879/buildroot-2018.02.3/output/host/arm-buildroot-linux-uclibcgnueabihf/bin/ar
ac_cv_path_AS_FOR_TARGET=/home/hardik/Project/TFA9879/buildroot-2018.02.3/output/host/arm-buildroot-linux-uclibcgnueabihf/bin/as
ac_cv_path_LD_FOR_TARGET=/home/hardik/Project/TFA9879/buildroot-2018.02.3/output/host/arm-buildroot-linux-uclibcgnueabihf/bin/ld
ac_cv_path_NM_FOR_TARGET=/home/hardik/Project/TFA9879/buildroot-2018.02.3/output/host/arm-buildroot-linux-uclibcgnueabihf/bin/nm
ac_cv_path_OBJCOPY_FOR_TARGET=/home/hardik/Project/TFA9879/buildroot-2018.02.3/output/host/arm-buildroot-linux-uclibcgnueabihf/bin/objcopy
ac_cv_path_OBJDUMP_FOR_TARGET=/home/hardik/Project/TFA9879/buildroot-2018.02.3/output/host/arm-buildroot-linux-uclibcgnueabihf/bin/objdump
ac_cv_path_RANLIB_FOR_TARGET=/home/hardik/Project/TFA9879/buildroot-2018.02.3/output/host/arm-buildroot-linux-uclibcgnueabihf/bin/ranlib
ac_cv_path_READELF_FOR_TARGET=/home/hardik/Project/TFA9879/buildroot-2018.02.3/output/host/arm-buildroot-linux-uclibcgnueabihf/bin/readelf
ac_cv_path_SED=/bin/sed
ac_cv_path_STRIP_FOR_TARGET=/home/hardik/Project/TFA9879/buildroot-2018.02.3/output/host/arm-buildroot-linux-uclibcgnueabihf/bin/strip
ac_cv_path_install='/usr/bin/install -c'
ac_cv_prog_AR=/usr/bin/ar
ac_cv_prog_AS=/usr/bin/as
ac_cv_prog_AWK=gawk
ac_cv_prog_BISON=bison
ac_cv_prog_CC_FOR_TARGET=arm-buildroot-linux-uclibcgnueabihf-gcc
ac_cv_prog_FLEX=flex
ac_cv_prog_GCC_FOR_TARGET=arm-buildroot-linux-uclibcgnueabihf-gcc
ac_cv_prog_LD=/usr/bin/ld
ac_cv_prog_LEX=flex
ac_cv_prog_M4=m4
ac_cv_prog_MAKEINFO=missing
ac_cv_prog_NM=/usr/bin/nm
ac_cv_prog_OBJCOPY=/usr/bin/objcopy
ac_cv_prog_OBJDUMP=objdump
ac_cv_prog_RANLIB=/usr/bin/ranlib
ac_cv_prog_READELF=readelf
ac_cv_prog_STRIP=strip
ac_cv_prog_YACC='bison -y'
ac_cv_prog_ac_ct_CC=/usr/bin/gcc
ac_cv_prog_cc_c89=
ac_cv_prog_cc_g=yes
ac_cv_prog_cxx_g=yes
ac_cv_target=arm-buildroot-linux-uclibcgnueabihf
acx_cv_cc_gcc_supports_ada=no
acx_cv_prog_LN=ln
gcc_cv_prog_cmp_skip='cmp --ignore-initial=16 $$f1 $$f2'
gcc_cv_tool_dirs=/home/hardik/Project/TFA9879/buildroot-2018.02.3/output/host/libexec/gcc/arm-buildroot-linux-uclibcgnueabihf/6.4.0:/home/hardik/Project/TFA9879/buildroot-2018.02.3/output/host/libexec/gcc/arm-buildroot-linux-uclibcgnueabihf:/usr/lib/gcc/arm-buildroot-linux-uclibcgnueabihf/6.4.0:/usr/lib/gcc/arm-buildroot-linux-uclibcgnueabihf:/home/hardik/Project/TFA9879/buildroot-2018.02.3/output/host/arm-buildroot-linux-uclibcgnueabihf/bin/arm-buildroot-linux-uclibcgnueabihf/6.4.0:/home/hardik/Project/TFA9879/buildroot-2018.02.3/output/host/arm-buildroot-linux-uclibcgnueabihf/bin:
gcc_cv_tool_prefix=/home/hardik/Project/TFA9879/buildroot-2018.02.3/output/host
lt_cv_objdir=.libs

## ----------------- ##
## Output variables. ##
## ----------------- ##

AR='/usr/bin/ar'
AR_FOR_BUILD='$(AR)'
AR_FOR_TARGET='/home/hardik/Project/TFA9879/buildroot-2018.02.3/output/host/arm-buildroot-linux-uclibcgnueabihf/bin/ar'
AS='/usr/bin/as'
AS_FOR_BUILD='$(AS)'
AS_FOR_TARGET='/home/hardik/Project/TFA9879/buildroot-2018.02.3/output/host/arm-buildroot-linux-uclibcgnueabihf/bin/as'
AWK='gawk'
BISON='bison'
BUILD_CONFIG=''
CC='/usr/bin/gcc'
CC_FOR_BUILD='$(CC)'
CC_FOR_TARGET='$$r/$(HOST_SUBDIR)/gcc/xgcc -B$$r/$(HOST_SUBDIR)/gcc/'
CFLAGS='-O2 -I/home/hardik/Project/TFA9879/buildroot-2018.02.3/output/host/include'
CFLAGS_FOR_BUILD='-O2 -I/home/hardik/Project/TFA9879/buildroot-2018.02.3/output/host/include'
CFLAGS_FOR_TARGET='-D_LARGEFILE_SOURCE -D_LARGEFILE64_SOURCE -D_FILE_OFFSET_BITS=64  -Os '
COMPILER_AS_FOR_TARGET='$$r/$(HOST_SUBDIR)/gcc/as'
COMPILER_LD_FOR_TARGET='$$r/$(HOST_SUBDIR)/gcc/collect-ld'
COMPILER_NM_FOR_TARGET='$$r/$(HOST_SUBDIR)/gcc/nm'
CONFIGURE_GDB_TK=''
CPPFLAGS='-I/home/hardik/Project/TFA9879/buildroot-2018.02.3/output/host/include'
CXX='/usr/bin/g++'
CXXFLAGS='-O2 -I/home/hardik/Project/TFA9879/buildroot-2018.02.3/output/host/include'
CXXFLAGS_FOR_BUILD='-O2 -I/home/hardik/Project/TFA9879/buildroot-2018.02.3/output/host/include'
CXXFLAGS_FOR_TARGET='-D_LARGEFILE_SOURCE -D_LARGEFILE64_SOURCE -D_FILE_OFFSET_BITS=64  -Os '
CXX_FOR_BUILD='$(CXX)'
CXX_FOR_TARGET='arm-buildroot-linux-uclibcgnueabihf-c++'
DEBUG_PREFIX_CFLAGS_FOR_TARGET=''
DEFS='-DPACKAGE_NAME=\"\" -DPACKAGE_TARNAME=\"\" -DPACKAGE_VERSION=\"\" -DPACKAGE_STRING=\"\" -DPACKAGE_BUGREPORT=\"\" -DPACKAGE_URL=\"\" -DLT_OBJDIR=\".libs/\"'
DLLTOOL='dlltool'
DLLTOOL_FOR_BUILD='$(DLLTOOL)'
DLLTOOL_FOR_TARGET='arm-buildroot-linux-uclibcgnueabihf-dlltool'
ECHO_C=''
ECHO_N='-n'
ECHO_T=''
EXEEXT=''
EXPECT='expect'
EXTRA_CONFIGARGS_LIBJAVA='--disable-static'
FLAGS_FOR_TARGET=' -B$(build_tooldir)/bin/ -B$(build_tooldir)/lib/ -isystem $(build_tooldir)/include -isystem $(build_tooldir)/sys-include'
FLEX='flex'
GCC_FOR_TARGET='$$r/$(HOST_SUBDIR)/gcc/xgcc -B$$r/$(HOST_SUBDIR)/gcc/'
GCC_SHLIB_SUBDIR=''
GCJ_FOR_BUILD='$(GCJ)'
GCJ_FOR_TARGET='arm-buildroot-linux-uclibcgnueabihf-gcj'
GDB_TK=''
GFORTRAN_FOR_BUILD='$(GFORTRAN)'
GFORTRAN_FOR_TARGET='arm-buildroot-linux-uclibcgnueabihf-gfortran'
GNATBIND='no'
GNATMAKE='no'
GOC_FOR_BUILD='$(GOC)'
GOC_FOR_TARGET='arm-buildroot-linux-uclibcgnueabihf-gccgo'
INSTALL_DATA='${INSTALL} -m 644'
INSTALL_GDB_TK=''
INSTALL_PROGRAM='${INSTALL}'
INSTALL_SCRIPT='${INSTALL}'
LD='/usr/bin/ld'
LDFLAGS='-L/home/hardik/Project/TFA9879/buildroot-2018.02.3/output/host/lib -Wl,-rpath,/home/hardik/Project/TFA9879/buildroot-2018.02.3/output/host/lib'
LDFLAGS_FOR_BUILD='-L/home/hardik/Project/TFA9879/buildroot-2018.02.3/output/host/lib -Wl,-rpath,/home/hardik/Project/TFA9879/buildroot-2018.02.3/output/host/lib'
LDFLAGS_FOR_TARGET=''
LD_FOR_BUILD='$(LD)'
LD_FOR_TARGET='/home/hardik/Project/TFA9879/buildroot-2018.02.3/output/host/arm-buildroot-linux-uclibcgnueabihf/bin/ld'
LEX='flex'
LIBOBJS=''
LIBS=''
LIPO='lipo'
LIPO_FOR_TARGET='arm-buildroot-linux-uclibcgnueabihf-lipo'
LN='ln'
LN_S='ln -s'
LTLIBOBJS=''
M4='m4'
MAINT='#'
MAINTAINER_MODE_FALSE=''
MAINTAINER_MODE_TRUE='#'
MAKEINFO='/home/hardik/Project/TFA9879/buildroot-2018.02.3/output/build/host-gcc-final-6.4.0/missing makeinfo'
NM='/usr/bin/nm'
NM_FOR_BUILD='$(NM)'
NM_FOR_TARGET='/home/hardik/Project/TFA9879/buildroot-2018.02.3/output/host/arm-buildroot-linux-uclibcgnueabihf/bin/nm'
OBJCOPY='/usr/bin/objcopy'
OBJCOPY_FOR_TARGET='/home/hardik/Project/TFA9879/buildroot-2018.02.3/output/host/arm-buildroot-linux-uclibcgnueabihf/bin/objcopy'
OBJDUMP='objdump'
OBJDUMP_FOR_TARGET='/home/hardik/Project/TFA9879/buildroot-2018.02.3/output/host/arm-buildroot-linux-uclibcgnueabihf/bin/objdump'
OBJEXT='o'
PACKAGE_BUGREPORT=''
PACKAGE_NAME=''
PACKAGE_STRING=''
PACKAGE_TARNAME=''
PACKAGE_URL=''
PACKAGE_VERSION=''
PATH_SEPARATOR=':'
RANLIB='/usr/bin/ranlib'
RANLIB_FOR_BUILD='$(RANLIB)'
RANLIB_FOR_TARGET='/home/hardik/Project/TFA9879/buildroot-2018.02.3/output/host/arm-buildroot-linux-uclibcgnueabihf/bin/ranlib'
RAW_CXX_FOR_TARGET='arm-buildroot-linux-uclibcgnueabihf-c++'
READELF='readelf'
READELF_FOR_TARGET='/home/hardik/Project/TFA9879/buildroot-2018.02.3/output/host/arm-buildroot-linux-uclibcgnueabihf/bin/readelf'
RPATH_ENVVAR='LD_LIBRARY_PATH'
RUNTEST='runtest'
SED='/bin/sed'
SHELL='/bin/sh'
STRIP='strip'
STRIP_FOR_TARGET='/home/hardik/Project/TFA9879/buildroot-2018.02.3/output/host/arm-buildroot-linux-uclibcgnueabihf/bin/strip'
SYSROOT_CFLAGS_FOR_TARGET=''
TOPLEVEL_CONFIGURE_ARGUMENTS='./configure --prefix=/home/hardik/Project/TFA9879/buildroot-2018.02.3/output/host --sysconfdir=/home/hardik/Project/TFA9879/buildroot-2018.02.3/output/host/etc --enable-static --target=arm-buildroot-linux-uclibcgnueabihf --with-sysroot=/home/hardik/Project/TFA9879/buildroot-2018.02.3/output/host/arm-buildroot-linux-uclibcgnueabihf/sysroot --disable-__cxa_atexit --with-gnu-ld --disable-libssp --disable-multilib --with-gmp=/home/hardik/Project/TFA9879/buildroot-2018.02.3/output/host --with-mpc=/home/hardik/Project/TFA9879/buildroot-2018.02.3/output/host --with-mpfr=/home/hardik/Project/TFA9879/buildroot-2018.02.3/output/host --with-pkgversion='\''Buildroot 2018.02.3'\'' --with-bugurl=http://bugs.buildroot.net/ --disable-libquadmath --disable-libsanitizer --enable-tls --disable-libmudflap --enable-threads --without-isl --without-cloog --disable-decimal-float --with-abi=aapcs-linux --with-cpu=cortex-a7 --with-fpu=neon-vfpv4 --with-float=hard --with-mode=arm --enable-languages=c --with-build-time-tools=/home/hardik/Project/TFA9879/buildroot-2018.02.3/output/host/arm-buildroot-linux-uclibcgnueabihf/bin --enable-shared --disable-libgomp'
WINDMC='windmc'
WINDMC_FOR_BUILD='$(WINDMC)'
WINDMC_FOR_TARGET='arm-buildroot-linux-uclibcgnueabihf-windmc'
WINDRES='windres'
WINDRES_FOR_BUILD='$(WINDRES)'
WINDRES_FOR_TARGET='arm-buildroot-linux-uclibcgnueabihf-windres'
YACC='bison -y'
ac_ct_CC='/usr/bin/gcc'
ac_ct_CXX=''
bindir='${exec_prefix}/bin'
build='x86_64-pc-linux-gnu'
build_alias=''
build_configargs=' --cache-file=./config.cache '\''--prefix=/home/hardik/Project/TFA9879/buildroot-2018.02.3/output/host'\'' '\''--sysconfdir=/home/hardik/Project/TFA9879/buildroot-2018.02.3/output/host/etc'\'' '\''--enable-static'\'' '\''--with-sysroot=/home/hardik/Project/TFA9879/buildroot-2018.02.3/output/host/arm-buildroot-linux-uclibcgnueabihf/sysroot'\'' '\''--disable-__cxa_atexit'\'' '\''--with-gnu-ld'\'' '\''--disable-libssp'\'' '\''--disable-multilib'\'' '\''--with-gmp=/home/hardik/Project/TFA9879/buildroot-2018.02.3/output/host'\'' '\''--with-mpc=/home/hardik/Project/TFA9879/buildroot-2018.02.3/output/host'\'' '\''--with-mpfr=/home/hardik/Project/TFA9879/buildroot-2018.02.3/output/host'\'' '\''--with-pkgversion=Buildroot 2018.02.3'\'' '\''--with-bugurl=http://bugs.buildroot.net/'\'' '\''--disable-libquadmath'\'' '\''--disable-libsanitizer'\'' '\''--enable-tls'\'' '\''--disable-libmudflap'\'' '\''--enable-threads'\'' '\''--without-isl'\'' '\''--without-cloog'\'' '\''--disable-decimal-float'\'' '\''--with-abi=aapcs-linux'\'' '\''--with-cpu=cortex-a7'\'' '\''--with-fpu=neon-vfpv4'\'' '\''--with-float=hard'\'' '\''--with-mode=arm'\'' '\''--with-build-time-tools=/home/hardik/Project/TFA9879/buildroot-2018.02.3/output/host/arm-buildroot-linux-uclibcgnueabihf/bin'\'' '\''--enable-shared'\'' '\''--disable-libgomp'\'' '\''--enable-languages=c,lto'\'' --program-transform-name='\''s&^&arm-buildroot-linux-uclibcgnueabihf-&'\'' --disable-option-checking'
build_configdirs=' libiberty libcpp fixincludes'
build_cpu='x86_64'
build_libsubdir='build-x86_64-pc-linux-gnu'
build_noncanonical='x86_64-pc-linux-gnu'
build_os='linux-gnu'
build_subdir='build-x86_64-pc-linux-gnu'
build_tooldir='${exec_prefix}/arm-buildroot-linux-uclibcgnueabihf'
build_vendor='pc'
compare_exclusions='gcc/cc*-checksum$(objext) | gcc/ada/*tools/*'
configdirs=' intl libiberty zlib libbacktrace libcpp libdecnumber fixincludes gcc libcc1 lto-plugin'
datadir='${datarootdir}'
datarootdir='${prefix}/share'
do_compare='cmp --ignore-initial=16 $$f1 $$f2'
docdir='${datarootdir}/doc/${PACKAGE}'
dvidir='${docdir}'
exec_prefix='${prefix}'
extra_host_libiberty_configure_flags='--enable-shared'
extra_host_zlib_configure_flags=''
extra_isl_gmp_configure_flags=''
extra_liboffloadmic_configure_flags=''
extra_linker_plugin_configure_flags=''
extra_linker_plugin_flags=''
extra_mpc_gmp_configure_flags=''
extra_mpc_mpfr_configure_flags=''
extra_mpfr_configure_flags=''
gmpinc='-I/home/hardik/Project/TFA9879/buildroot-2018.02.3/output/host/include -I/home/hardik/Project/TFA9879/buildroot-2018.02.3/output/host/include -I/home/hardik/Project/TFA9879/buildroot-2018.02.3/output/host/include '
gmplibs='-L/home/hardik/Project/TFA9879/buildroot-2018.02.3/output/host/lib -L/home/hardik/Project/TFA9879/buildroot-2018.02.3/output/host/lib -L/home/hardik/Project/TFA9879/buildroot-2018.02.3/output/host/lib -lmpc -lmpfr -lgmp'
host='x86_64-pc-linux-gnu'
host_alias=''
host_configargs=' --cache-file=./config.cache  '\''--prefix=/home/hardik/Project/TFA9879/buildroot-2018.02.3/output/host'\'' '\''--sysconfdir=/home/hardik/Project/TFA9879/buildroot-2018.02.3/output/host/etc'\'' '\''--enable-static'\'' '\''--with-sysroot=/home/hardik/Project/TFA9879/buildroot-2018.02.3/output/host/arm-buildroot-linux-uclibcgnueabihf/sysroot'\'' '\''--disable-__cxa_atexit'\'' '\''--with-gnu-ld'\'' '\''--disable-libssp'\'' '\''--disable-multilib'\'' '\''--with-gmp=/home/hardik/Project/TFA9879/buildroot-2018.02.3/output/host'\'' '\''--with-mpc=/home/hardik/Project/TFA9879/buildroot-2018.02.3/output/host'\'' '\''--with-mpfr=/home/hardik/Project/TFA9879/buildroot-2018.02.3/output/host'\'' '\''--with-pkgversion=Buildroot 2018.02.3'\'' '\''--with-bugurl=http://bugs.buildroot.net/'\'' '\''--disable-libquadmath'\'' '\''--disable-libsanitizer'\'' '\''--enable-tls'\'' '\''--disable-libmudflap'\'' '\''--enable-threads'\'' '\''--without-isl'\'' '\''--without-cloog'\'' '\''--disable-decimal-float'\'' '\''--with-abi=aapcs-linux'\'' '\''--with-cpu=cortex-a7'\'' '\''--with-fpu=neon-vfpv4'\'' '\''--with-float=hard'\'' '\''--with-mode=arm'\'' '\''--with-build-time-tools=/home/hardik/Project/TFA9879/buildroot-2018.02.3/output/host/arm-buildroot-linux-uclibcgnueabihf/bin'\'' '\''--enable-shared'\'' '\''--disable-libgomp'\'' '\''--enable-languages=c,lto'\'' --program-transform-name='\''s&^&arm-buildroot-linux-uclibcgnueabihf-&'\'' --disable-option-checking'
host_cpu='x86_64'
host_noncanonical='x86_64-pc-linux-gnu'
host_os='linux-gnu'
host_shared='no'
host_subdir='.'
host_vendor='pc'
htmldir='${docdir}'
includedir='${prefix}/include'
infodir='${datarootdir}/info'
islinc=''
isllibs=''
islver=''
libdir='${exec_prefix}/lib'
libexecdir='${exec_prefix}/libexec'
localedir='${datarootdir}/locale'
localstatedir='${prefix}/var'
mandir='${datarootdir}/man'
oldincludedir='/usr/include'
pdfdir='${docdir}'
poststage1_ldflags='-static-libstdc++ -static-libgcc'
poststage1_libs=''
prefix='/home/hardik/Project/TFA9879/buildroot-2018.02.3/output/host'
program_transform_name='s&^&arm-buildroot-linux-uclibcgnueabihf-&'
psdir='${docdir}'
sbindir='${exec_prefix}/sbin'
sharedstatedir='${prefix}/com'
stage1_cflags='-g'
stage1_checking='--enable-checking=yes,types'
stage1_languages='c,lto'
stage1_ldflags='-static-libstdc++ -static-libgcc'
stage1_libs=''
stage2_werror_flag=''
sysconfdir='/home/hardik/Project/TFA9879/buildroot-2018.02.3/output/host/etc'
target='arm-buildroot-linux-uclibcgnueabihf'
target_alias='arm-buildroot-linux-uclibcgnueabihf'
target_configargs='--cache-file=./config.cache --with-cross-host=x86_64-pc-linux-gnu   '\''--prefix=/home/hardik/Project/TFA9879/buildroot-2018.02.3/output/host'\'' '\''--sysconfdir=/home/hardik/Project/TFA9879/buildroot-2018.02.3/output/host/etc'\'' '\''--enable-static'\'' '\''--with-sysroot=/home/hardik/Project/TFA9879/buildroot-2018.02.3/output/host/arm-buildroot-linux-uclibcgnueabihf/sysroot'\'' '\''--disable-__cxa_atexit'\'' '\''--with-gnu-ld'\'' '\''--disable-libssp'\'' '\''--disable-multilib'\'' '\''--with-pkgversion=Buildroot 2018.02.3'\'' '\''--with-bugurl=http://bugs.buildroot.net/'\'' '\''--disable-libquadmath'\'' '\''--disable-libsanitizer'\'' '\''--enable-tls'\'' '\''--disable-libmudflap'\'' '\''--enable-threads'\'' '\''--without-cloog'\'' '\''--disable-decimal-float'\'' '\''--with-abi=aapcs-linux'\'' '\''--with-cpu=cortex-a7'\'' '\''--with-fpu=neon-vfpv4'\'' '\''--with-float=hard'\'' '\''--with-mode=arm'\'' '\''--with-build-time-tools=/home/hardik/Project/TFA9879/buildroot-2018.02.3/output/host/arm-buildroot-linux-uclibcgnueabihf/bin'\'' '\''--enable-shared'\'' '\''--disable-libgomp'\'' '\''--enable-languages=c,lto'\'' --program-transform-name='\''s&^&arm-buildroot-linux-uclibcgnueabihf-&'\'' --disable-option-checking'
target_configdirs='libgcc libatomic'
target_cpu='arm'
target_noncanonical='arm-buildroot-linux-uclibcgnueabihf'
target_os='linux-uclibcgnueabihf'
target_subdir='arm-buildroot-linux-uclibcgnueabihf'
target_vendor='buildroot'
tooldir='${exec_prefix}/arm-buildroot-linux-uclibcgnueabihf'

## ------------------- ##
## File substitutions. ##
## ------------------- ##

alphaieee_frag='/dev/null'
host_makefile_frag='/dev/null'
ospace_frag='/dev/null'
serialization_dependencies='serdep.tmp'
target_makefile_frag='../config/mt-gnu'

## ----------- ##
## confdefs.h. ##
## ----------- ##

/* confdefs.h */
#define PACKAGE_NAME ""
#define PACKAGE_TARNAME ""
#define PACKAGE_VERSION ""
#define PACKAGE_STRING ""
#define PACKAGE_BUGREPORT ""
#define PACKAGE_URL ""
#define LT_OBJDIR ".libs/"

configure: exit 0
